{"src/main.js":{"path":"src/main.js","s":{"1":1,"2":15,"3":11,"4":4,"5":1,"6":11,"7":5,"8":11,"9":1,"10":11,"11":3},"b":{"1":[11,4],"2":[11,2],"3":[11,1],"4":[5,6],"5":[1,10],"6":[11,3],"7":[4,7],"8":[11,11],"9":[4,1]},"f":{"1":15,"2":11},"fnMap":{"1":{"name":"assertArg","line":3,"loc":{"start":{"line":3,"column":27},"end":{"line":3,"column":65}}},"2":{"name":"assertArgFn","line":10,"loc":{"start":{"line":10,"column":29},"end":{"line":10,"column":84}}}},"statementMap":{"1":{"start":{"line":3,"column":0},"end":{"line":8,"column":2}},"2":{"start":{"line":4,"column":1},"end":{"line":6,"column":2}},"3":{"start":{"line":5,"column":2},"end":{"line":5,"column":85}},"4":{"start":{"line":7,"column":1},"end":{"line":7,"column":12}},"5":{"start":{"line":10,"column":0},"end":{"line":20,"column":2}},"6":{"start":{"line":11,"column":1},"end":{"line":13,"column":2}},"7":{"start":{"line":12,"column":2},"end":{"line":12,"column":32}},"8":{"start":{"line":14,"column":1},"end":{"line":16,"column":2}},"9":{"start":{"line":15,"column":2},"end":{"line":15,"column":28}},"10":{"start":{"line":17,"column":1},"end":{"line":17,"column":156}},"11":{"start":{"line":19,"column":1},"end":{"line":19,"column":12}}},"branchMap":{"1":{"line":4,"type":"if","locations":[{"start":{"line":4,"column":1},"end":{"line":4,"column":1}},{"start":{"line":4,"column":1},"end":{"line":4,"column":1}}]},"2":{"line":5,"type":"binary-expr","locations":[{"start":{"line":5,"column":35},"end":{"line":5,"column":39}},{"start":{"line":5,"column":43},"end":{"line":5,"column":46}}]},"3":{"line":5,"type":"binary-expr","locations":[{"start":{"line":5,"column":62},"end":{"line":5,"column":68}},{"start":{"line":5,"column":72},"end":{"line":5,"column":82}}]},"4":{"line":11,"type":"if","locations":[{"start":{"line":11,"column":1},"end":{"line":11,"column":1}},{"start":{"line":11,"column":1},"end":{"line":11,"column":1}}]},"5":{"line":14,"type":"if","locations":[{"start":{"line":14,"column":1},"end":{"line":14,"column":1}},{"start":{"line":14,"column":1},"end":{"line":14,"column":1}}]},"6":{"line":14,"type":"binary-expr","locations":[{"start":{"line":14,"column":5},"end":{"line":14,"column":26}},{"start":{"line":14,"column":30},"end":{"line":14,"column":48}}]},"7":{"line":17,"type":"cond-expr","locations":[{"start":{"line":17,"column":108},"end":{"line":17,"column":140}},{"start":{"line":17,"column":143},"end":{"line":17,"column":153}}]},"8":{"line":17,"type":"binary-expr","locations":[{"start":{"line":17,"column":75},"end":{"line":17,"column":78}},{"start":{"line":17,"column":82},"end":{"line":17,"column":105}}]},"9":{"line":17,"type":"binary-expr","locations":[{"start":{"line":17,"column":108},"end":{"line":17,"column":128}},{"start":{"line":17,"column":132},"end":{"line":17,"column":140}}]}}}}